1763757993341|6|statement|connection 0|url jdbc:postgresql://localhost:5432/auth_rk|drop table if exists accounts cascade|drop table if exists accounts cascade
1763757993344|1|statement|connection 0|url jdbc:postgresql://localhost:5432/auth_rk|drop table if exists users cascade|drop table if exists users cascade
1763757993349|4|statement|connection 0|url jdbc:postgresql://localhost:5432/auth_rk|create table users ( id bigserial primary key, email varchar(255), password varchar(255), username varchar(255), birthday date )|create table users ( id bigserial primary key, email varchar(255), password varchar(255), username varchar(255), birthday date )
1763757993353|4|statement|connection 0|url jdbc:postgresql://localhost:5432/auth_rk|create table accounts ( id bigserial primary key, number varchar(255), balance numeric, currency varchar(255), user_id bigint not null, constraint fk_user foreign key (user_id) references users (id) )|create table accounts ( id bigserial primary key, number varchar(255), balance numeric, currency varchar(255), user_id bigint not null, constraint fk_user foreign key (user_id) references users (id) )
1763757993355|1|statement|connection 0|url jdbc:postgresql://localhost:5432/auth_rk|insert into users(id, email, password,username,birthday) values (0, '1', '$2a$12$dyoEluTPU24KZr/LrdEvHuExnGPX4FRM/HWWvWa7t1LAy7EvVZM8W','user1',DATE '2005-08-30')|insert into users(id, email, password,username,birthday) values (0, '1', '$2a$12$dyoEluTPU24KZr/LrdEvHuExnGPX4FRM/HWWvWa7t1LAy7EvVZM8W','user1',DATE '2005-08-30')
1763757993356|1|statement|connection 0|url jdbc:postgresql://localhost:5432/auth_rk|insert into accounts(id, number, balance, currency, user_id) values (0, '777', 70.0, 'RUB', 0)|insert into accounts(id, number, balance, currency, user_id) values (0, '777', 70.0, 'RUB', 0)
1763757993357|0|statement|connection 0|url jdbc:postgresql://localhost:5432/auth_rk|insert into users(id, email, password,username,birthday) values (300, '2', '$2a$12$dyoEluTPU24KZr/LrdEvHuExnGPX4FRM/HWWvWa7t1LAy7EvVZM8W','user2',DATE '2005-08-30')|insert into users(id, email, password,username,birthday) values (300, '2', '$2a$12$dyoEluTPU24KZr/LrdEvHuExnGPX4FRM/HWWvWa7t1LAy7EvVZM8W','user2',DATE '2005-08-30')
1763757993358|0|statement|connection 0|url jdbc:postgresql://localhost:5432/auth_rk|insert into accounts(id, number, balance, currency, user_id) values (300, '777', 170.0, 'RUB', 300)|insert into accounts(id, number, balance, currency, user_id) values (300, '777', 170.0, 'RUB', 300)
1763757994728|4|statement|connection 2|url jdbc:postgresql://localhost:5432/auth_rk|select * from information_schema.sequences|select * from information_schema.sequences
1763757994751|6|statement|connection 2|url jdbc:postgresql://localhost:5432/auth_rk|alter table if exists accounts alter column balance set data type float(53)|alter table if exists accounts alter column balance set data type float(53)
1763757994841|0|statement|connection 2|url jdbc:postgresql://localhost:5432/auth_rk|select * from "public"."users" where 1=0|select * from "public"."users" where 1=0
1763758032324|1|statement|connection 5|url jdbc:postgresql://localhost:5432/auth_rk|select u1_0.id,u1_0.birthday,u1_0.email,u1_0.password,u1_0.username from users u1_0 where u1_0.email=?|select u1_0.id,u1_0.birthday,u1_0.email,u1_0.password,u1_0.username from users u1_0 where u1_0.email='1'
1763758032387|0|statement|connection 6|url jdbc:postgresql://localhost:5432/auth_rk|select u1_0.id,u1_0.birthday,u1_0.email,u1_0.password,u1_0.username from users u1_0 where u1_0.email=?|select u1_0.id,u1_0.birthday,u1_0.email,u1_0.password,u1_0.username from users u1_0 where u1_0.email='1'
1763758032392|0|statement|connection 6|url jdbc:postgresql://localhost:5432/auth_rk|select a1_0.id,a1_0.balance,a1_0.currency,a1_0.user_id from accounts a1_0 where a1_0.user_id=?|select a1_0.id,a1_0.balance,a1_0.currency,a1_0.user_id from accounts a1_0 where a1_0.user_id=0
1763758034974|0|statement|connection 7|url jdbc:postgresql://localhost:5432/auth_rk|select u1_0.id,u1_0.birthday,u1_0.email,u1_0.password,u1_0.username from users u1_0 where u1_0.email=?|select u1_0.id,u1_0.birthday,u1_0.email,u1_0.password,u1_0.username from users u1_0 where u1_0.email='1'
1763758034991|0|statement|connection 8|url jdbc:postgresql://localhost:5432/auth_rk|select u1_0.id,u1_0.birthday,u1_0.email,u1_0.password,u1_0.username from users u1_0|select u1_0.id,u1_0.birthday,u1_0.email,u1_0.password,u1_0.username from users u1_0
1763758034994|0|commit|connection 8|url jdbc:postgresql://localhost:5432/auth_rk||
1763758037842|0|statement|connection 9|url jdbc:postgresql://localhost:5432/auth_rk|select u1_0.id,u1_0.birthday,u1_0.email,u1_0.password,u1_0.username from users u1_0 where u1_0.email=?|select u1_0.id,u1_0.birthday,u1_0.email,u1_0.password,u1_0.username from users u1_0 where u1_0.email='1'
1763758037874|0|statement|connection 10|url jdbc:postgresql://localhost:5432/auth_rk|select a1_0.id,a1_0.balance,a1_0.currency,a1_0.user_id from accounts a1_0 where a1_0.user_id=?|select a1_0.id,a1_0.balance,a1_0.currency,a1_0.user_id from accounts a1_0 where a1_0.user_id=0
1763758037899|1|statement|connection 10|url jdbc:postgresql://localhost:5432/auth_rk|insert into accounts (balance,currency,user_id) values (?,?,?)|insert into accounts (balance,currency,user_id) values (0.0,'USD',0)
1763758037911|2|commit|connection 10|url jdbc:postgresql://localhost:5432/auth_rk||
1763758037917|0|statement|connection 10|url jdbc:postgresql://localhost:5432/auth_rk|insert into accounts (balance,currency,user_id) values (?,?,?)|insert into accounts (balance,currency,user_id) values (0.0,'EUR',0)
1763758037919|0|commit|connection 10|url jdbc:postgresql://localhost:5432/auth_rk||
1763758038533|0|statement|connection 11|url jdbc:postgresql://localhost:5432/auth_rk|select u1_0.id,u1_0.birthday,u1_0.email,u1_0.password,u1_0.username from users u1_0 where u1_0.email=?|select u1_0.id,u1_0.birthday,u1_0.email,u1_0.password,u1_0.username from users u1_0 where u1_0.email='1'
1763758038538|0|statement|connection 12|url jdbc:postgresql://localhost:5432/auth_rk|select u1_0.id,u1_0.birthday,u1_0.email,u1_0.password,u1_0.username from users u1_0 where u1_0.email=?|select u1_0.id,u1_0.birthday,u1_0.email,u1_0.password,u1_0.username from users u1_0 where u1_0.email='1'
1763758038541|0|statement|connection 12|url jdbc:postgresql://localhost:5432/auth_rk|select a1_0.id,a1_0.balance,a1_0.currency,a1_0.user_id from accounts a1_0 where a1_0.user_id=?|select a1_0.id,a1_0.balance,a1_0.currency,a1_0.user_id from accounts a1_0 where a1_0.user_id=0
1763758038551|0|statement|connection 13|url jdbc:postgresql://localhost:5432/auth_rk|select u1_0.id,u1_0.birthday,u1_0.email,u1_0.password,u1_0.username from users u1_0 where u1_0.email=?|select u1_0.id,u1_0.birthday,u1_0.email,u1_0.password,u1_0.username from users u1_0 where u1_0.email='1'
1763758038569|0|statement|connection 14|url jdbc:postgresql://localhost:5432/auth_rk|select u1_0.id,u1_0.birthday,u1_0.email,u1_0.password,u1_0.username from users u1_0|select u1_0.id,u1_0.birthday,u1_0.email,u1_0.password,u1_0.username from users u1_0
1763758038570|0|commit|connection 14|url jdbc:postgresql://localhost:5432/auth_rk||
1763758040596|0|statement|connection 15|url jdbc:postgresql://localhost:5432/auth_rk|select u1_0.id,u1_0.birthday,u1_0.email,u1_0.password,u1_0.username from users u1_0 where u1_0.email=?|select u1_0.id,u1_0.birthday,u1_0.email,u1_0.password,u1_0.username from users u1_0 where u1_0.email='1'
1763758040604|0|statement|connection 16|url jdbc:postgresql://localhost:5432/auth_rk|select a1_0.id,a1_0.balance,a1_0.currency,a1_0.user_id from accounts a1_0 where a1_0.user_id=?|select a1_0.id,a1_0.balance,a1_0.currency,a1_0.user_id from accounts a1_0 where a1_0.user_id=0
1763758040612|0|statement|connection 16|url jdbc:postgresql://localhost:5432/auth_rk|delete from accounts where id=?|delete from accounts where id=1
1763758040616|2|commit|connection 16|url jdbc:postgresql://localhost:5432/auth_rk||
1763758040617|0|statement|connection 16|url jdbc:postgresql://localhost:5432/auth_rk|delete from accounts where id=?|delete from accounts where id=2
1763758040618|0|commit|connection 16|url jdbc:postgresql://localhost:5432/auth_rk||
1763758040642|0|statement|connection 17|url jdbc:postgresql://localhost:5432/auth_rk|select u1_0.id,u1_0.birthday,u1_0.email,u1_0.password,u1_0.username from users u1_0 where u1_0.email=?|select u1_0.id,u1_0.birthday,u1_0.email,u1_0.password,u1_0.username from users u1_0 where u1_0.email='1'
1763758040648|0|statement|connection 18|url jdbc:postgresql://localhost:5432/auth_rk|select u1_0.id,u1_0.birthday,u1_0.email,u1_0.password,u1_0.username from users u1_0 where u1_0.email=?|select u1_0.id,u1_0.birthday,u1_0.email,u1_0.password,u1_0.username from users u1_0 where u1_0.email='1'
1763758040652|0|statement|connection 18|url jdbc:postgresql://localhost:5432/auth_rk|select a1_0.id,a1_0.balance,a1_0.currency,a1_0.user_id from accounts a1_0 where a1_0.user_id=?|select a1_0.id,a1_0.balance,a1_0.currency,a1_0.user_id from accounts a1_0 where a1_0.user_id=0
1763758040663|0|statement|connection 19|url jdbc:postgresql://localhost:5432/auth_rk|select u1_0.id,u1_0.birthday,u1_0.email,u1_0.password,u1_0.username from users u1_0 where u1_0.email=?|select u1_0.id,u1_0.birthday,u1_0.email,u1_0.password,u1_0.username from users u1_0 where u1_0.email='1'
1763758040669|0|statement|connection 20|url jdbc:postgresql://localhost:5432/auth_rk|select u1_0.id,u1_0.birthday,u1_0.email,u1_0.password,u1_0.username from users u1_0|select u1_0.id,u1_0.birthday,u1_0.email,u1_0.password,u1_0.username from users u1_0
1763758040670|0|commit|connection 20|url jdbc:postgresql://localhost:5432/auth_rk||
1763758042466|0|statement|connection 21|url jdbc:postgresql://localhost:5432/auth_rk|select u1_0.id,u1_0.birthday,u1_0.email,u1_0.password,u1_0.username from users u1_0 where u1_0.email=?|select u1_0.id,u1_0.birthday,u1_0.email,u1_0.password,u1_0.username from users u1_0 where u1_0.email='1'
1763758042471|0|statement|connection 22|url jdbc:postgresql://localhost:5432/auth_rk|select a1_0.id,a1_0.balance,a1_0.currency,a1_0.user_id from accounts a1_0 where a1_0.user_id=?|select a1_0.id,a1_0.balance,a1_0.currency,a1_0.user_id from accounts a1_0 where a1_0.user_id=0
1763758042473|0|statement|connection 22|url jdbc:postgresql://localhost:5432/auth_rk|insert into accounts (balance,currency,user_id) values (?,?,?)|insert into accounts (balance,currency,user_id) values (0.0,'USD',0)
1763758042475|1|commit|connection 22|url jdbc:postgresql://localhost:5432/auth_rk||
1763758042491|0|statement|connection 23|url jdbc:postgresql://localhost:5432/auth_rk|select u1_0.id,u1_0.birthday,u1_0.email,u1_0.password,u1_0.username from users u1_0 where u1_0.email=?|select u1_0.id,u1_0.birthday,u1_0.email,u1_0.password,u1_0.username from users u1_0 where u1_0.email='1'
1763758042497|0|statement|connection 24|url jdbc:postgresql://localhost:5432/auth_rk|select u1_0.id,u1_0.birthday,u1_0.email,u1_0.password,u1_0.username from users u1_0 where u1_0.email=?|select u1_0.id,u1_0.birthday,u1_0.email,u1_0.password,u1_0.username from users u1_0 where u1_0.email='1'
1763758042501|0|statement|connection 24|url jdbc:postgresql://localhost:5432/auth_rk|select a1_0.id,a1_0.balance,a1_0.currency,a1_0.user_id from accounts a1_0 where a1_0.user_id=?|select a1_0.id,a1_0.balance,a1_0.currency,a1_0.user_id from accounts a1_0 where a1_0.user_id=0
1763758042512|0|statement|connection 25|url jdbc:postgresql://localhost:5432/auth_rk|select u1_0.id,u1_0.birthday,u1_0.email,u1_0.password,u1_0.username from users u1_0 where u1_0.email=?|select u1_0.id,u1_0.birthday,u1_0.email,u1_0.password,u1_0.username from users u1_0 where u1_0.email='1'
1763758042518|0|statement|connection 26|url jdbc:postgresql://localhost:5432/auth_rk|select u1_0.id,u1_0.birthday,u1_0.email,u1_0.password,u1_0.username from users u1_0|select u1_0.id,u1_0.birthday,u1_0.email,u1_0.password,u1_0.username from users u1_0
1763758042520|0|commit|connection 26|url jdbc:postgresql://localhost:5432/auth_rk||
1763758044466|0|statement|connection 27|url jdbc:postgresql://localhost:5432/auth_rk|select u1_0.id,u1_0.birthday,u1_0.email,u1_0.password,u1_0.username from users u1_0 where u1_0.email=?|select u1_0.id,u1_0.birthday,u1_0.email,u1_0.password,u1_0.username from users u1_0 where u1_0.email='1'
1763758044480|0|statement|connection 28|url jdbc:postgresql://localhost:5432/auth_rk|select a1_0.id,a1_0.balance,a1_0.currency,a1_0.user_id from accounts a1_0 where a1_0.user_id=?|select a1_0.id,a1_0.balance,a1_0.currency,a1_0.user_id from accounts a1_0 where a1_0.user_id=0
1763758044483|0|statement|connection 28|url jdbc:postgresql://localhost:5432/auth_rk|insert into accounts (balance,currency,user_id) values (?,?,?)|insert into accounts (balance,currency,user_id) values (0.0,'EUR',0)
1763758044485|2|commit|connection 28|url jdbc:postgresql://localhost:5432/auth_rk||
1763758044500|0|statement|connection 29|url jdbc:postgresql://localhost:5432/auth_rk|select u1_0.id,u1_0.birthday,u1_0.email,u1_0.password,u1_0.username from users u1_0 where u1_0.email=?|select u1_0.id,u1_0.birthday,u1_0.email,u1_0.password,u1_0.username from users u1_0 where u1_0.email='1'
1763758044505|0|statement|connection 30|url jdbc:postgresql://localhost:5432/auth_rk|select u1_0.id,u1_0.birthday,u1_0.email,u1_0.password,u1_0.username from users u1_0 where u1_0.email=?|select u1_0.id,u1_0.birthday,u1_0.email,u1_0.password,u1_0.username from users u1_0 where u1_0.email='1'
1763758044507|0|statement|connection 30|url jdbc:postgresql://localhost:5432/auth_rk|select a1_0.id,a1_0.balance,a1_0.currency,a1_0.user_id from accounts a1_0 where a1_0.user_id=?|select a1_0.id,a1_0.balance,a1_0.currency,a1_0.user_id from accounts a1_0 where a1_0.user_id=0
1763758044519|0|statement|connection 31|url jdbc:postgresql://localhost:5432/auth_rk|select u1_0.id,u1_0.birthday,u1_0.email,u1_0.password,u1_0.username from users u1_0 where u1_0.email=?|select u1_0.id,u1_0.birthday,u1_0.email,u1_0.password,u1_0.username from users u1_0 where u1_0.email='1'
1763758044524|0|statement|connection 32|url jdbc:postgresql://localhost:5432/auth_rk|select u1_0.id,u1_0.birthday,u1_0.email,u1_0.password,u1_0.username from users u1_0|select u1_0.id,u1_0.birthday,u1_0.email,u1_0.password,u1_0.username from users u1_0
1763758044525|0|commit|connection 32|url jdbc:postgresql://localhost:5432/auth_rk||
1763758819006|6|statement|connection 0|url jdbc:p6spy:postgresql://localhost:5432/auth_rk|drop table if exists accounts cascade|drop table if exists accounts cascade
1763758819007|1|statement|connection 0|url jdbc:p6spy:postgresql://localhost:5432/auth_rk|drop table if exists users cascade|drop table if exists users cascade
1763758819015|7|statement|connection 0|url jdbc:p6spy:postgresql://localhost:5432/auth_rk|create table users ( id bigserial primary key, email varchar(255), password varchar(255), username varchar(255), birthday date )|create table users ( id bigserial primary key, email varchar(255), password varchar(255), username varchar(255), birthday date )
1763758819020|4|statement|connection 0|url jdbc:p6spy:postgresql://localhost:5432/auth_rk|create table accounts ( id bigserial primary key, number varchar(255), balance numeric, currency varchar(255), user_id bigint not null, constraint fk_user foreign key (user_id) references users (id) )|create table accounts ( id bigserial primary key, number varchar(255), balance numeric, currency varchar(255), user_id bigint not null, constraint fk_user foreign key (user_id) references users (id) )
1763758819021|1|statement|connection 0|url jdbc:p6spy:postgresql://localhost:5432/auth_rk|insert into users(id, email, password,username,birthday) values (0, '1', '$2a$12$dyoEluTPU24KZr/LrdEvHuExnGPX4FRM/HWWvWa7t1LAy7EvVZM8W','user1',DATE '2005-08-30')|insert into users(id, email, password,username,birthday) values (0, '1', '$2a$12$dyoEluTPU24KZr/LrdEvHuExnGPX4FRM/HWWvWa7t1LAy7EvVZM8W','user1',DATE '2005-08-30')
1763758819022|1|statement|connection 0|url jdbc:p6spy:postgresql://localhost:5432/auth_rk|insert into accounts(id, number, balance, currency, user_id) values (0, '777', 70.0, 'RUB', 0)|insert into accounts(id, number, balance, currency, user_id) values (0, '777', 70.0, 'RUB', 0)
1763758819023|0|statement|connection 0|url jdbc:p6spy:postgresql://localhost:5432/auth_rk|insert into users(id, email, password,username,birthday) values (300, '2', '$2a$12$dyoEluTPU24KZr/LrdEvHuExnGPX4FRM/HWWvWa7t1LAy7EvVZM8W','user2',DATE '2005-08-30')|insert into users(id, email, password,username,birthday) values (300, '2', '$2a$12$dyoEluTPU24KZr/LrdEvHuExnGPX4FRM/HWWvWa7t1LAy7EvVZM8W','user2',DATE '2005-08-30')
1763758819024|0|statement|connection 0|url jdbc:p6spy:postgresql://localhost:5432/auth_rk|insert into accounts(id, number, balance, currency, user_id) values (300, '777', 170.0, 'RUB', 300)|insert into accounts(id, number, balance, currency, user_id) values (300, '777', 170.0, 'RUB', 300)
1763758819482|2|statement|connection 0|url jdbc:p6spy:postgresql://localhost:5432/auth_rk|select version()|select version()
1763758820362|2|statement|connection 0|url jdbc:p6spy:postgresql://localhost:5432/auth_rk|select * from information_schema.sequences|select * from information_schema.sequences
1763758820386|7|statement|connection 0|url jdbc:p6spy:postgresql://localhost:5432/auth_rk|alter table if exists accounts alter column balance set data type float(53)|alter table if exists accounts alter column balance set data type float(53)
1763758820468|0|statement|connection 0|url jdbc:p6spy:postgresql://localhost:5432/auth_rk|select * from "public"."users" where 1=0|select * from "public"."users" where 1=0
1763758849258|1|statement|connection 0|url jdbc:p6spy:postgresql://localhost:5432/auth_rk|select u1_0.id,u1_0.birthday,u1_0.email,u1_0.password,u1_0.username from users u1_0 where u1_0.email=?|select u1_0.id,u1_0.birthday,u1_0.email,u1_0.password,u1_0.username from users u1_0 where u1_0.email='1'
1763758849347|0|statement|connection 0|url jdbc:p6spy:postgresql://localhost:5432/auth_rk|select u1_0.id,u1_0.birthday,u1_0.email,u1_0.password,u1_0.username from users u1_0 where u1_0.email=?|select u1_0.id,u1_0.birthday,u1_0.email,u1_0.password,u1_0.username from users u1_0 where u1_0.email='1'
1763758849353|1|statement|connection 0|url jdbc:p6spy:postgresql://localhost:5432/auth_rk|select a1_0.id,a1_0.balance,a1_0.currency,a1_0.user_id from accounts a1_0 where a1_0.user_id=?|select a1_0.id,a1_0.balance,a1_0.currency,a1_0.user_id from accounts a1_0 where a1_0.user_id=0
1763758849384|0|statement|connection 0|url jdbc:p6spy:postgresql://localhost:5432/auth_rk|select u1_0.id,u1_0.birthday,u1_0.email,u1_0.password,u1_0.username from users u1_0 where u1_0.email=?|select u1_0.id,u1_0.birthday,u1_0.email,u1_0.password,u1_0.username from users u1_0 where u1_0.email='1'
1763758849400|0|statement|connection 0|url jdbc:p6spy:postgresql://localhost:5432/auth_rk|select u1_0.id,u1_0.birthday,u1_0.email,u1_0.password,u1_0.username from users u1_0|select u1_0.id,u1_0.birthday,u1_0.email,u1_0.password,u1_0.username from users u1_0
1763758849402|0|commit|connection 0|url jdbc:p6spy:postgresql://localhost:5432/auth_rk||
1763758852464|0|statement|connection 0|url jdbc:p6spy:postgresql://localhost:5432/auth_rk|select u1_0.id,u1_0.birthday,u1_0.email,u1_0.password,u1_0.username from users u1_0 where u1_0.email=?|select u1_0.id,u1_0.birthday,u1_0.email,u1_0.password,u1_0.username from users u1_0 where u1_0.email='1'
1763758852493|1|statement|connection 0|url jdbc:p6spy:postgresql://localhost:5432/auth_rk|select a1_0.id,a1_0.balance,a1_0.currency,a1_0.user_id from accounts a1_0 where a1_0.user_id=?|select a1_0.id,a1_0.balance,a1_0.currency,a1_0.user_id from accounts a1_0 where a1_0.user_id=0
1763758852518|0|statement|connection 0|url jdbc:p6spy:postgresql://localhost:5432/auth_rk|insert into accounts (balance,currency,user_id) values (?,?,?)|insert into accounts (balance,currency,user_id) values (0.0,'USD',0)
1763758852532|2|commit|connection 0|url jdbc:p6spy:postgresql://localhost:5432/auth_rk||
1763758853105|0|statement|connection 0|url jdbc:p6spy:postgresql://localhost:5432/auth_rk|select u1_0.id,u1_0.birthday,u1_0.email,u1_0.password,u1_0.username from users u1_0 where u1_0.email=?|select u1_0.id,u1_0.birthday,u1_0.email,u1_0.password,u1_0.username from users u1_0 where u1_0.email='1'
1763758853112|0|statement|connection 0|url jdbc:p6spy:postgresql://localhost:5432/auth_rk|select u1_0.id,u1_0.birthday,u1_0.email,u1_0.password,u1_0.username from users u1_0 where u1_0.email=?|select u1_0.id,u1_0.birthday,u1_0.email,u1_0.password,u1_0.username from users u1_0 where u1_0.email='1'
1763758853115|0|statement|connection 0|url jdbc:p6spy:postgresql://localhost:5432/auth_rk|select a1_0.id,a1_0.balance,a1_0.currency,a1_0.user_id from accounts a1_0 where a1_0.user_id=?|select a1_0.id,a1_0.balance,a1_0.currency,a1_0.user_id from accounts a1_0 where a1_0.user_id=0
1763758853126|0|statement|connection 0|url jdbc:p6spy:postgresql://localhost:5432/auth_rk|select u1_0.id,u1_0.birthday,u1_0.email,u1_0.password,u1_0.username from users u1_0 where u1_0.email=?|select u1_0.id,u1_0.birthday,u1_0.email,u1_0.password,u1_0.username from users u1_0 where u1_0.email='1'
1763758853131|0|statement|connection 0|url jdbc:p6spy:postgresql://localhost:5432/auth_rk|select u1_0.id,u1_0.birthday,u1_0.email,u1_0.password,u1_0.username from users u1_0|select u1_0.id,u1_0.birthday,u1_0.email,u1_0.password,u1_0.username from users u1_0
1763758853132|0|commit|connection 0|url jdbc:p6spy:postgresql://localhost:5432/auth_rk||
1763758885224|0|statement|connection 0|url jdbc:p6spy:postgresql://localhost:5432/auth_rk|select u1_0.id,u1_0.birthday,u1_0.email,u1_0.password,u1_0.username from users u1_0 where u1_0.email=?|select u1_0.id,u1_0.birthday,u1_0.email,u1_0.password,u1_0.username from users u1_0 where u1_0.email='1'
1763758885228|0|statement|connection 0|url jdbc:p6spy:postgresql://localhost:5432/auth_rk|select a1_0.id,a1_0.balance,a1_0.currency,a1_0.user_id from accounts a1_0 where a1_0.user_id=?|select a1_0.id,a1_0.balance,a1_0.currency,a1_0.user_id from accounts a1_0 where a1_0.user_id=0
1763758885230|0|statement|connection 0|url jdbc:p6spy:postgresql://localhost:5432/auth_rk|insert into accounts (balance,currency,user_id) values (?,?,?)|insert into accounts (balance,currency,user_id) values (0.0,'EUR',0)
1763758885231|0|commit|connection 0|url jdbc:p6spy:postgresql://localhost:5432/auth_rk||
1763758885258|0|statement|connection 0|url jdbc:p6spy:postgresql://localhost:5432/auth_rk|select u1_0.id,u1_0.birthday,u1_0.email,u1_0.password,u1_0.username from users u1_0 where u1_0.email=?|select u1_0.id,u1_0.birthday,u1_0.email,u1_0.password,u1_0.username from users u1_0 where u1_0.email='1'
1763758885264|0|statement|connection 0|url jdbc:p6spy:postgresql://localhost:5432/auth_rk|select u1_0.id,u1_0.birthday,u1_0.email,u1_0.password,u1_0.username from users u1_0 where u1_0.email=?|select u1_0.id,u1_0.birthday,u1_0.email,u1_0.password,u1_0.username from users u1_0 where u1_0.email='1'
1763758885266|0|statement|connection 0|url jdbc:p6spy:postgresql://localhost:5432/auth_rk|select a1_0.id,a1_0.balance,a1_0.currency,a1_0.user_id from accounts a1_0 where a1_0.user_id=?|select a1_0.id,a1_0.balance,a1_0.currency,a1_0.user_id from accounts a1_0 where a1_0.user_id=0
1763758885277|0|statement|connection 0|url jdbc:p6spy:postgresql://localhost:5432/auth_rk|select u1_0.id,u1_0.birthday,u1_0.email,u1_0.password,u1_0.username from users u1_0 where u1_0.email=?|select u1_0.id,u1_0.birthday,u1_0.email,u1_0.password,u1_0.username from users u1_0 where u1_0.email='1'
1763758885281|0|statement|connection 0|url jdbc:p6spy:postgresql://localhost:5432/auth_rk|select u1_0.id,u1_0.birthday,u1_0.email,u1_0.password,u1_0.username from users u1_0|select u1_0.id,u1_0.birthday,u1_0.email,u1_0.password,u1_0.username from users u1_0
1763758885282|0|commit|connection 0|url jdbc:p6spy:postgresql://localhost:5432/auth_rk||
1763758887222|0|statement|connection 0|url jdbc:p6spy:postgresql://localhost:5432/auth_rk|select u1_0.id,u1_0.birthday,u1_0.email,u1_0.password,u1_0.username from users u1_0 where u1_0.email=?|select u1_0.id,u1_0.birthday,u1_0.email,u1_0.password,u1_0.username from users u1_0 where u1_0.email='1'
1763758887234|0|statement|connection 0|url jdbc:p6spy:postgresql://localhost:5432/auth_rk|select a1_0.id,a1_0.balance,a1_0.currency,a1_0.user_id from accounts a1_0 where a1_0.user_id=?|select a1_0.id,a1_0.balance,a1_0.currency,a1_0.user_id from accounts a1_0 where a1_0.user_id=0
1763758887243|0|statement|connection 0|url jdbc:p6spy:postgresql://localhost:5432/auth_rk|delete from accounts where id=?|delete from accounts where id=1
1763758887246|2|commit|connection 0|url jdbc:p6spy:postgresql://localhost:5432/auth_rk||
1763758887247|0|statement|connection 0|url jdbc:p6spy:postgresql://localhost:5432/auth_rk|delete from accounts where id=?|delete from accounts where id=2
1763758887248|0|commit|connection 0|url jdbc:p6spy:postgresql://localhost:5432/auth_rk||
1763758887263|0|statement|connection 0|url jdbc:p6spy:postgresql://localhost:5432/auth_rk|select u1_0.id,u1_0.birthday,u1_0.email,u1_0.password,u1_0.username from users u1_0 where u1_0.email=?|select u1_0.id,u1_0.birthday,u1_0.email,u1_0.password,u1_0.username from users u1_0 where u1_0.email='1'
1763758887268|0|statement|connection 0|url jdbc:p6spy:postgresql://localhost:5432/auth_rk|select u1_0.id,u1_0.birthday,u1_0.email,u1_0.password,u1_0.username from users u1_0 where u1_0.email=?|select u1_0.id,u1_0.birthday,u1_0.email,u1_0.password,u1_0.username from users u1_0 where u1_0.email='1'
1763758887271|0|statement|connection 0|url jdbc:p6spy:postgresql://localhost:5432/auth_rk|select a1_0.id,a1_0.balance,a1_0.currency,a1_0.user_id from accounts a1_0 where a1_0.user_id=?|select a1_0.id,a1_0.balance,a1_0.currency,a1_0.user_id from accounts a1_0 where a1_0.user_id=0
1763758887281|0|statement|connection 0|url jdbc:p6spy:postgresql://localhost:5432/auth_rk|select u1_0.id,u1_0.birthday,u1_0.email,u1_0.password,u1_0.username from users u1_0 where u1_0.email=?|select u1_0.id,u1_0.birthday,u1_0.email,u1_0.password,u1_0.username from users u1_0 where u1_0.email='1'
1763758887286|0|statement|connection 0|url jdbc:p6spy:postgresql://localhost:5432/auth_rk|select u1_0.id,u1_0.birthday,u1_0.email,u1_0.password,u1_0.username from users u1_0|select u1_0.id,u1_0.birthday,u1_0.email,u1_0.password,u1_0.username from users u1_0
1763758887289|0|commit|connection 0|url jdbc:p6spy:postgresql://localhost:5432/auth_rk||
1763758889335|0|statement|connection 0|url jdbc:p6spy:postgresql://localhost:5432/auth_rk|select u1_0.id,u1_0.birthday,u1_0.email,u1_0.password,u1_0.username from users u1_0 where u1_0.email=?|select u1_0.id,u1_0.birthday,u1_0.email,u1_0.password,u1_0.username from users u1_0 where u1_0.email='1'
1763758889352|0|statement|connection 0|url jdbc:p6spy:postgresql://localhost:5432/auth_rk|select a1_0.id,a1_0.balance,a1_0.currency,a1_0.user_id from accounts a1_0 where a1_0.user_id=?|select a1_0.id,a1_0.balance,a1_0.currency,a1_0.user_id from accounts a1_0 where a1_0.user_id=0
1763758889356|0|statement|connection 0|url jdbc:p6spy:postgresql://localhost:5432/auth_rk|insert into accounts (balance,currency,user_id) values (?,?,?)|insert into accounts (balance,currency,user_id) values (0.0,'EUR',0)
1763758889358|1|commit|connection 0|url jdbc:p6spy:postgresql://localhost:5432/auth_rk||
1763758889375|0|statement|connection 0|url jdbc:p6spy:postgresql://localhost:5432/auth_rk|select u1_0.id,u1_0.birthday,u1_0.email,u1_0.password,u1_0.username from users u1_0 where u1_0.email=?|select u1_0.id,u1_0.birthday,u1_0.email,u1_0.password,u1_0.username from users u1_0 where u1_0.email='1'
1763758889379|0|statement|connection 0|url jdbc:p6spy:postgresql://localhost:5432/auth_rk|select u1_0.id,u1_0.birthday,u1_0.email,u1_0.password,u1_0.username from users u1_0 where u1_0.email=?|select u1_0.id,u1_0.birthday,u1_0.email,u1_0.password,u1_0.username from users u1_0 where u1_0.email='1'
1763758889382|0|statement|connection 0|url jdbc:p6spy:postgresql://localhost:5432/auth_rk|select a1_0.id,a1_0.balance,a1_0.currency,a1_0.user_id from accounts a1_0 where a1_0.user_id=?|select a1_0.id,a1_0.balance,a1_0.currency,a1_0.user_id from accounts a1_0 where a1_0.user_id=0
1763758889393|0|statement|connection 0|url jdbc:p6spy:postgresql://localhost:5432/auth_rk|select u1_0.id,u1_0.birthday,u1_0.email,u1_0.password,u1_0.username from users u1_0 where u1_0.email=?|select u1_0.id,u1_0.birthday,u1_0.email,u1_0.password,u1_0.username from users u1_0 where u1_0.email='1'
1763758889400|0|statement|connection 0|url jdbc:p6spy:postgresql://localhost:5432/auth_rk|select u1_0.id,u1_0.birthday,u1_0.email,u1_0.password,u1_0.username from users u1_0|select u1_0.id,u1_0.birthday,u1_0.email,u1_0.password,u1_0.username from users u1_0
1763758889401|0|commit|connection 0|url jdbc:p6spy:postgresql://localhost:5432/auth_rk||
